2017/02/17 11:26:42 INFO  - jmeter.util.JMeterUtils: Setting Locale to en_US 
2017/02/17 11:26:42 INFO  - jmeter.JMeter: Loading user properties from: /usr/share/jmeter/bin/user.properties 
2017/02/17 11:26:42 INFO  - jmeter.JMeter: Loading system properties from: /usr/share/jmeter/bin/system.properties 
2017/02/17 11:26:42 INFO  - jmeter.JMeter: Copyright (c) 1998-2012 The Apache Software Foundation 
2017/02/17 11:26:42 INFO  - jmeter.JMeter: Version 2.8.20130705 
2017/02/17 11:26:42 INFO  - jmeter.JMeter: java.version=1.7.0_121 
2017/02/17 11:26:42 INFO  - jmeter.JMeter: java.vm.name=OpenJDK 64-Bit Server VM 
2017/02/17 11:26:42 INFO  - jmeter.JMeter: os.name=Linux 
2017/02/17 11:26:42 INFO  - jmeter.JMeter: os.arch=amd64 
2017/02/17 11:26:42 INFO  - jmeter.JMeter: os.version=3.13.0-74-generic 
2017/02/17 11:26:42 INFO  - jmeter.JMeter: file.encoding=UTF-8 
2017/02/17 11:26:42 INFO  - jmeter.JMeter: Default Locale=English (United States) 
2017/02/17 11:26:42 INFO  - jmeter.JMeter: JMeter  Locale=English (United States) 
2017/02/17 11:26:42 INFO  - jmeter.JMeter: JMeterHome=/usr/share/jmeter 
2017/02/17 11:26:42 INFO  - jmeter.JMeter: user.dir  =/home/ubuntu/jmeter-driver/JMeter-driver 
2017/02/17 11:26:42 INFO  - jmeter.JMeter: PWD       =/home/ubuntu/jmeter-driver/JMeter-driver 
2017/02/17 11:26:42 ERROR - jmeter.util.JMeterUtils: Unable to get local host IP address. 
2017/02/17 11:26:42 ERROR - jmeter.util.JMeterUtils: Unable to get local host IP address. 
2017/02/17 11:26:42 ERROR - jmeter.util.JMeterUtils: Unable to get local host IP address. 
2017/02/17 11:26:42 INFO  - jmeter.JMeter: IP: null Name: null FullName: null 
2017/02/17 11:26:42 INFO  - jmeter.JMeter: Loaded icon properties from org/apache/jmeter/images/icon.properties 
2017/02/17 11:26:42 WARN  - jmeter.gui.action.ActionRouter: java.awt.HeadlessException: 
No X11 DISPLAY variable was set, but this program performed an operation which requires it. 
2017/02/17 11:26:42 FATAL - jmeter.JMeter: An error occurred:  java.awt.HeadlessException: 
No X11 DISPLAY variable was set, but this program performed an operation which requires it.
	at java.awt.GraphicsEnvironment.checkHeadless(GraphicsEnvironment.java:207)
	at java.awt.Window.<init>(Window.java:535)
	at java.awt.Frame.<init>(Frame.java:420)
	at java.awt.Frame.<init>(Frame.java:385)
	at javax.swing.JFrame.<init>(JFrame.java:174)
	at org.apache.jmeter.gui.MainFrame.<init>(MainFrame.java:192)
	at org.apache.jmeter.JMeter.startGui(JMeter.java:231)
	at org.apache.jmeter.JMeter.start(JMeter.java:378)
	at sun.reflect.NativeMethodAccessorImpl.invoke0(Native Method)
	at sun.reflect.NativeMethodAccessorImpl.invoke(NativeMethodAccessorImpl.java:57)
	at sun.reflect.DelegatingMethodAccessorImpl.invoke(DelegatingMethodAccessorImpl.java:43)
	at java.lang.reflect.Method.invoke(Method.java:606)
	at org.apache.jmeter.NewDriver.main(NewDriver.java:216)

