2017/02/20 07:43:21 INFO  - jmeter.util.JMeterUtils: Setting Locale to en_US 
2017/02/20 07:43:21 INFO  - jmeter.JMeter: Loading user properties from: /var/lib/apache-jmeter-3.1/bin/user.properties 
2017/02/20 07:43:21 INFO  - jmeter.JMeter: Loading system properties from: /var/lib/apache-jmeter-3.1/bin/system.properties 
2017/02/20 07:43:21 WARN  - jmeter.JMeter: LogLevel: DEBUG 
2017/02/20 07:43:21 INFO  - jmeter.JMeter: Copyright (c) 1998-2016 The Apache Software Foundation 
2017/02/20 07:43:21 INFO  - jmeter.JMeter: Version 3.1 r1770033 
2017/02/20 07:43:21 INFO  - jmeter.JMeter: java.version=1.8.0_121 
2017/02/20 07:43:21 INFO  - jmeter.JMeter: java.vm.name=OpenJDK 64-Bit Server VM 
2017/02/20 07:43:21 INFO  - jmeter.JMeter: os.name=Linux 
2017/02/20 07:43:21 INFO  - jmeter.JMeter: os.arch=amd64 
2017/02/20 07:43:21 INFO  - jmeter.JMeter: os.version=3.13.0-74-generic 
2017/02/20 07:43:21 INFO  - jmeter.JMeter: file.encoding=ANSI_X3.4-1968 
2017/02/20 07:43:21 INFO  - jmeter.JMeter: Max memory     =514850816 
2017/02/20 07:43:21 INFO  - jmeter.JMeter: Available Processors =4 
2017/02/20 07:43:21 INFO  - jmeter.JMeter: Default Locale=English (United States) 
2017/02/20 07:43:21 INFO  - jmeter.JMeter: JMeter  Locale=English (United States) 
2017/02/20 07:43:21 INFO  - jmeter.JMeter: JMeterHome=/var/lib/apache-jmeter-3.1 
2017/02/20 07:43:21 INFO  - jmeter.JMeter: user.dir  =/ 
2017/02/20 07:43:21 INFO  - jmeter.JMeter: PWD       =/ 
2017/02/20 07:43:21 INFO  - jmeter.JMeter: IP: 172.17.0.6 Name: 9197eb4aec1a FullName: 9197eb4aec1a 
2017/02/20 07:43:21 DEBUG - jmeter.JMeter: ClassPath 
2017/02/20 07:43:21 DEBUG - jmeter.JMeter: /var/lib/apache-jmeter-3.1/bin/ApacheJMeter.jar 
2017/02/20 07:43:21 DEBUG - jmeter.JMeter: /var/lib/apache-jmeter-3.1/lib/ApacheJMeter_slf4j_logkit.jar 
2017/02/20 07:43:21 DEBUG - jmeter.JMeter: /var/lib/apache-jmeter-3.1/lib/accessors-smart-1.1.jar 
2017/02/20 07:43:21 DEBUG - jmeter.JMeter: /var/lib/apache-jmeter-3.1/lib/asm-5.0.3.jar 
2017/02/20 07:43:21 DEBUG - jmeter.JMeter: /var/lib/apache-jmeter-3.1/lib/asm-5.1.jar 
2017/02/20 07:43:21 DEBUG - jmeter.JMeter: /var/lib/apache-jmeter-3.1/lib/avalon-framework-4.1.4.jar 
2017/02/20 07:43:21 DEBUG - jmeter.JMeter: /var/lib/apache-jmeter-3.1/lib/bsf-2.4.0.jar 
2017/02/20 07:43:21 DEBUG - jmeter.JMeter: /var/lib/apache-jmeter-3.1/lib/bsh-2.0b5.jar 
2017/02/20 07:43:21 DEBUG - jmeter.JMeter: /var/lib/apache-jmeter-3.1/lib/bshclient.jar 
2017/02/20 07:43:21 DEBUG - jmeter.JMeter: /var/lib/apache-jmeter-3.1/lib/commons-beanutils-1.8.3.jar 
2017/02/20 07:43:21 DEBUG - jmeter.JMeter: /var/lib/apache-jmeter-3.1/lib/commons-codec-1.10.jar 
2017/02/20 07:43:21 DEBUG - jmeter.JMeter: /var/lib/apache-jmeter-3.1/lib/commons-collections-3.2.2.jar 
2017/02/20 07:43:21 DEBUG - jmeter.JMeter: /var/lib/apache-jmeter-3.1/lib/commons-dbcp2-2.1.1.jar 
2017/02/20 07:43:21 DEBUG - jmeter.JMeter: /var/lib/apache-jmeter-3.1/lib/commons-httpclient-3.1.jar 
2017/02/20 07:43:21 DEBUG - jmeter.JMeter: /var/lib/apache-jmeter-3.1/lib/commons-io-2.5.jar 
2017/02/20 07:43:21 DEBUG - jmeter.JMeter: /var/lib/apache-jmeter-3.1/lib/commons-jexl-2.1.1.jar 
2017/02/20 07:43:21 DEBUG - jmeter.JMeter: /var/lib/apache-jmeter-3.1/lib/commons-jexl3-3.0.jar 
2017/02/20 07:43:21 DEBUG - jmeter.JMeter: /var/lib/apache-jmeter-3.1/lib/commons-lang-2.6.jar 
2017/02/20 07:43:21 DEBUG - jmeter.JMeter: /var/lib/apache-jmeter-3.1/lib/commons-lang3-3.5.jar 
2017/02/20 07:43:21 DEBUG - jmeter.JMeter: /var/lib/apache-jmeter-3.1/lib/commons-logging-1.2.jar 
2017/02/20 07:43:21 DEBUG - jmeter.JMeter: /var/lib/apache-jmeter-3.1/lib/commons-math3-3.6.1.jar 
2017/02/20 07:43:21 DEBUG - jmeter.JMeter: /var/lib/apache-jmeter-3.1/lib/commons-net-3.5.jar 
2017/02/20 07:43:21 DEBUG - jmeter.JMeter: /var/lib/apache-jmeter-3.1/lib/commons-pool-1.6.jar 
2017/02/20 07:43:21 DEBUG - jmeter.JMeter: /var/lib/apache-jmeter-3.1/lib/commons-pool2-2.4.2.jar 
2017/02/20 07:43:21 DEBUG - jmeter.JMeter: /var/lib/apache-jmeter-3.1/lib/dnsjava-2.1.7.jar 
2017/02/20 07:43:21 DEBUG - jmeter.JMeter: /var/lib/apache-jmeter-3.1/lib/excalibur-logger-1.1.jar 
2017/02/20 07:43:21 DEBUG - jmeter.JMeter: /var/lib/apache-jmeter-3.1/lib/ezmorph-1.0.6.jar 
2017/02/20 07:43:21 DEBUG - jmeter.JMeter: /var/lib/apache-jmeter-3.1/lib/freemarker-2.3.23.jar 
2017/02/20 07:43:21 DEBUG - jmeter.JMeter: /var/lib/apache-jmeter-3.1/lib/geronimo-jms_1.1_spec-1.1.1.jar 
2017/02/20 07:43:21 DEBUG - jmeter.JMeter: /var/lib/apache-jmeter-3.1/lib/groovy-all-2.4.7.jar 
2017/02/20 07:43:21 DEBUG - jmeter.JMeter: /var/lib/apache-jmeter-3.1/lib/hamcrest-core-1.3.jar 
2017/02/20 07:43:21 DEBUG - jmeter.JMeter: /var/lib/apache-jmeter-3.1/lib/httpclient-4.5.2.jar 
2017/02/20 07:43:21 DEBUG - jmeter.JMeter: /var/lib/apache-jmeter-3.1/lib/httpcore-4.4.5.jar 
2017/02/20 07:43:21 DEBUG - jmeter.JMeter: /var/lib/apache-jmeter-3.1/lib/httpmime-4.5.2.jar 
2017/02/20 07:43:21 DEBUG - jmeter.JMeter: /var/lib/apache-jmeter-3.1/lib/jcharts-0.7.5.jar 
2017/02/20 07:43:21 DEBUG - jmeter.JMeter: /var/lib/apache-jmeter-3.1/lib/jedis-2.2.1.jar 
2017/02/20 07:43:21 DEBUG - jmeter.JMeter: /var/lib/apache-jmeter-3.1/lib/jodd-core-3.7.1.jar 
2017/02/20 07:43:21 DEBUG - jmeter.JMeter: /var/lib/apache-jmeter-3.1/lib/jodd-lagarto-3.7.1.jar 
2017/02/20 07:43:21 DEBUG - jmeter.JMeter: /var/lib/apache-jmeter-3.1/lib/jodd-log-3.7.1.jar 
2017/02/20 07:43:21 DEBUG - jmeter.JMeter: /var/lib/apache-jmeter-3.1/lib/jodd-props-3.7.1.jar 
2017/02/20 07:43:21 DEBUG - jmeter.JMeter: /var/lib/apache-jmeter-3.1/lib/jorphan.jar 
2017/02/20 07:43:21 DEBUG - jmeter.JMeter: /var/lib/apache-jmeter-3.1/lib/json-lib-2.4-jdk15.jar 
2017/02/20 07:43:21 DEBUG - jmeter.JMeter: /var/lib/apache-jmeter-3.1/lib/json-path-2.1.0.jar 
2017/02/20 07:43:21 DEBUG - jmeter.JMeter: /var/lib/apache-jmeter-3.1/lib/json-path-2.2.0.jar 
2017/02/20 07:43:21 DEBUG - jmeter.JMeter: /var/lib/apache-jmeter-3.1/lib/json-smart-2.2.1.jar 
2017/02/20 07:43:21 DEBUG - jmeter.JMeter: /var/lib/apache-jmeter-3.1/lib/json-smart-2.2.jar 
2017/02/20 07:43:21 DEBUG - jmeter.JMeter: /var/lib/apache-jmeter-3.1/lib/jsoup-1.10.1.jar 
2017/02/20 07:43:21 DEBUG - jmeter.JMeter: /var/lib/apache-jmeter-3.1/lib/jtidy-r938.jar 
2017/02/20 07:43:21 DEBUG - jmeter.JMeter: /var/lib/apache-jmeter-3.1/lib/junit-4.12.jar 
2017/02/20 07:43:21 DEBUG - jmeter.JMeter: /var/lib/apache-jmeter-3.1/lib/logkit-2.0.jar 
2017/02/20 07:43:21 DEBUG - jmeter.JMeter: /var/lib/apache-jmeter-3.1/lib/mail-1.5.0-b01.jar 
2017/02/20 07:43:21 DEBUG - jmeter.JMeter: /var/lib/apache-jmeter-3.1/lib/mongo-java-driver-2.11.3.jar 
2017/02/20 07:43:21 DEBUG - jmeter.JMeter: /var/lib/apache-jmeter-3.1/lib/oro-2.0.8.jar 
2017/02/20 07:43:21 DEBUG - jmeter.JMeter: /var/lib/apache-jmeter-3.1/lib/ph-commons-6.2.4.jar 
2017/02/20 07:43:21 DEBUG - jmeter.JMeter: /var/lib/apache-jmeter-3.1/lib/ph-css-4.1.6.jar 
2017/02/20 07:43:21 DEBUG - jmeter.JMeter: /var/lib/apache-jmeter-3.1/lib/qpid-client-0.20.jar 
2017/02/20 07:43:21 DEBUG - jmeter.JMeter: /var/lib/apache-jmeter-3.1/lib/qpid-common-0.20.jar 
2017/02/20 07:43:21 DEBUG - jmeter.JMeter: /var/lib/apache-jmeter-3.1/lib/rhino-1.7.7.1.jar 
2017/02/20 07:43:21 DEBUG - jmeter.JMeter: /var/lib/apache-jmeter-3.1/lib/rsyntaxtextarea-2.6.0.jar 
2017/02/20 07:43:21 DEBUG - jmeter.JMeter: /var/lib/apache-jmeter-3.1/lib/serializer-2.7.2.jar 
2017/02/20 07:43:21 DEBUG - jmeter.JMeter: /var/lib/apache-jmeter-3.1/lib/slf4j-api-1.7.21.jar 
2017/02/20 07:43:21 DEBUG - jmeter.JMeter: /var/lib/apache-jmeter-3.1/lib/spring-core-2.5.6.jar 
2017/02/20 07:43:21 DEBUG - jmeter.JMeter: /var/lib/apache-jmeter-3.1/lib/spring-jms-2.5.6.jar 
2017/02/20 07:43:21 DEBUG - jmeter.JMeter: /var/lib/apache-jmeter-3.1/lib/tika-core-1.14.jar 
2017/02/20 07:43:21 DEBUG - jmeter.JMeter: /var/lib/apache-jmeter-3.1/lib/tika-parsers-1.14.jar 
2017/02/20 07:43:21 DEBUG - jmeter.JMeter: /var/lib/apache-jmeter-3.1/lib/xalan-2.7.2.jar 
2017/02/20 07:43:21 DEBUG - jmeter.JMeter: /var/lib/apache-jmeter-3.1/lib/xercesImpl-2.11.0.jar 
2017/02/20 07:43:21 DEBUG - jmeter.JMeter: /var/lib/apache-jmeter-3.1/lib/xml-apis-1.4.01.jar 
2017/02/20 07:43:21 DEBUG - jmeter.JMeter: /var/lib/apache-jmeter-3.1/lib/xmlgraphics-commons-2.1.jar 
2017/02/20 07:43:21 DEBUG - jmeter.JMeter: /var/lib/apache-jmeter-3.1/lib/xmlpull-1.1.3.1.jar 
2017/02/20 07:43:21 DEBUG - jmeter.JMeter: /var/lib/apache-jmeter-3.1/lib/xom-1.2.10.jar 
2017/02/20 07:43:21 DEBUG - jmeter.JMeter: /var/lib/apache-jmeter-3.1/lib/xpp3_min-1.1.4c.jar 
2017/02/20 07:43:21 DEBUG - jmeter.JMeter: /var/lib/apache-jmeter-3.1/lib/xstream-1.4.9.jar 
2017/02/20 07:43:21 DEBUG - jmeter.JMeter: /var/lib/apache-jmeter-3.1/lib/ext/ApacheJMeter_components.jar 
2017/02/20 07:43:21 DEBUG - jmeter.JMeter: /var/lib/apache-jmeter-3.1/lib/ext/ApacheJMeter_core.jar 
2017/02/20 07:43:21 DEBUG - jmeter.JMeter: /var/lib/apache-jmeter-3.1/lib/ext/ApacheJMeter_ftp.jar 
2017/02/20 07:43:21 DEBUG - jmeter.JMeter: /var/lib/apache-jmeter-3.1/lib/ext/ApacheJMeter_functions.jar 
2017/02/20 07:43:21 DEBUG - jmeter.JMeter: /var/lib/apache-jmeter-3.1/lib/ext/ApacheJMeter_http.jar 
2017/02/20 07:43:21 DEBUG - jmeter.JMeter: /var/lib/apache-jmeter-3.1/lib/ext/ApacheJMeter_java.jar 
2017/02/20 07:43:21 DEBUG - jmeter.JMeter: /var/lib/apache-jmeter-3.1/lib/ext/ApacheJMeter_jdbc.jar 
2017/02/20 07:43:21 DEBUG - jmeter.JMeter: /var/lib/apache-jmeter-3.1/lib/ext/ApacheJMeter_jms.jar 
2017/02/20 07:43:21 DEBUG - jmeter.JMeter: /var/lib/apache-jmeter-3.1/lib/ext/ApacheJMeter_junit.jar 
2017/02/20 07:43:21 DEBUG - jmeter.JMeter: /var/lib/apache-jmeter-3.1/lib/ext/ApacheJMeter_ldap.jar 
2017/02/20 07:43:21 DEBUG - jmeter.JMeter: /var/lib/apache-jmeter-3.1/lib/ext/ApacheJMeter_mail.jar 
2017/02/20 07:43:21 DEBUG - jmeter.JMeter: /var/lib/apache-jmeter-3.1/lib/ext/ApacheJMeter_mongodb.jar 
2017/02/20 07:43:21 DEBUG - jmeter.JMeter: /var/lib/apache-jmeter-3.1/lib/ext/ApacheJMeter_monitors.jar 
2017/02/20 07:43:21 DEBUG - jmeter.JMeter: /var/lib/apache-jmeter-3.1/lib/ext/ApacheJMeter_native.jar 
2017/02/20 07:43:21 DEBUG - jmeter.JMeter: /var/lib/apache-jmeter-3.1/lib/ext/ApacheJMeter_tcp.jar 
2017/02/20 07:43:21 DEBUG - jmeter.JMeter: /var/lib/apache-jmeter-3.1/lib/ext/JMeterPlugins-ExtrasLibs.jar 
2017/02/20 07:43:21 DEBUG - jmeter.JMeter: /var/lib/apache-jmeter-3.1/lib/junit/test.jar 
2017/02/20 07:43:21 INFO  - jmeter.services.FileServer: Default base='/' 
2017/02/20 07:43:21 INFO  - jmeter.services.FileServer: Set new base='/scripts' 
2017/02/20 07:43:21 INFO  - jmeter.save.SaveService: Testplan (JMX) version: 2.2. Testlog (JTL) version: 2.2 
2017/02/20 07:43:21 INFO  - jmeter.save.SaveService: Using SaveService properties file encoding UTF-8 
2017/02/20 07:43:21 INFO  - jmeter.save.SaveService: Using SaveService properties version 3.1 
2017/02/20 07:43:21 INFO  - jmeter.save.SaveService: All converter versions present and correct 
2017/02/20 07:43:21 INFO  - jmeter.save.SaveService: Loading file: /scripts/TnF_UAT_AuthAPI_JmeterTestPlan.jmx 
2017/02/20 07:43:21 INFO  - jmeter.protocol.http.control.CookieManager: Settings: Delete null: true Check: true Allow variable: true Save: false Prefix: COOKIE_ 
2017/02/20 07:43:21 DEBUG - jmeter.protocol.http.control.CookieManager: Clear all cookies from store 
2017/02/20 07:43:21 ERROR - jmeter.protocol.http.sampler.HTTPSamplerBase: Cannot find .className property for htmlParser, ensure you set property:'htmlParser.className' 
2017/02/20 07:43:21 INFO  - jmeter.protocol.http.sampler.HTTPSamplerBase: Parser for text/vnd.wap.wml is org.apache.jmeter.protocol.http.parser.RegexpHTMLParser 
2017/02/20 07:43:21 INFO  - jmeter.samplers.SampleResult: Note: Sample TimeStamps are START times 
2017/02/20 07:43:21 INFO  - jmeter.samplers.SampleResult: sampleresult.default.encoding is set to ISO-8859-1 
2017/02/20 07:43:21 INFO  - jmeter.samplers.SampleResult: sampleresult.useNanoTime=true 
2017/02/20 07:43:21 INFO  - jmeter.samplers.SampleResult: sampleresult.nanoThreadSleep=5000 
2017/02/20 07:43:21 INFO  - jmeter.engine.DistributedRunner: Configuring remote engine: 172.17.0.5 
2017/02/20 07:43:21 DEBUG - jmeter.protocol.http.control.CookieManager: Clear all cookies from store 
2017/02/20 07:43:21 INFO  - jmeter.engine.DistributedRunner: Configuring remote engine: 172.17.0.4 
2017/02/20 07:43:21 DEBUG - jmeter.protocol.http.control.CookieManager: Clear all cookies from store 
2017/02/20 07:43:21 INFO  - jmeter.engine.DistributedRunner: Configuring remote engine: 172.17.0.3 
2017/02/20 07:43:21 DEBUG - jmeter.protocol.http.control.CookieManager: Clear all cookies from store 
2017/02/20 07:43:21 INFO  - jmeter.engine.DistributedRunner: Starting remote engines 
2017/02/20 07:43:22 INFO  - jmeter.engine.DistributedRunner: Starting the test @ Mon Feb 20 07:43:21 UTC 2017 (1487576601998) 
2017/02/20 07:43:22 INFO  - jmeter.engine.ClientJMeterEngine: running clientengine run method 
2017/02/20 07:43:22 INFO  - jmeter.engine.util.CompoundVariable: Note: Function class names must contain the string: '.functions.' 
2017/02/20 07:43:22 INFO  - jmeter.engine.util.CompoundVariable: Note: Function class names must not contain the string: '.gui.' 
2017/02/20 07:43:22 DEBUG - jmeter.functions.StringFromFile: ++++++++ Construct org.apache.jmeter.functions.StringFromFile@799f10e1 
2017/02/20 07:43:22 DEBUG - jmeter.engine.util.CompoundVariable: Function count: 40 
2017/02/20 07:43:22 DEBUG - jmeter.engine.util.ValueReplacer: About to replace in property of type: class org.apache.jmeter.testelement.property.BooleanProperty: false 
2017/02/20 07:43:22 DEBUG - jmeter.engine.util.ValueReplacer: Won't replace false 
2017/02/20 07:43:22 DEBUG - jmeter.engine.util.ValueReplacer: About to replace in property of type: class org.apache.jmeter.testelement.property.ObjectProperty: org.apache.jmeter.samplers.SampleSaveConfiguration@733de5f0 
2017/02/20 07:43:22 DEBUG - jmeter.engine.util.ValueReplacer: Won't replace org.apache.jmeter.samplers.SampleSaveConfiguration@733de5f0 
2017/02/20 07:43:22 DEBUG - jmeter.engine.util.ValueReplacer: About to replace in property of type: class org.apache.jmeter.testelement.property.StringProperty: org.apache.jmeter.visualizers.ViewResultsFullVisualizer 
2017/02/20 07:43:22 DEBUG - jmeter.engine.util.ValueReplacer: About to replace in property of type: class org.apache.jmeter.testelement.property.StringProperty: org.apache.jmeter.reporters.ResultCollector 
2017/02/20 07:43:22 DEBUG - jmeter.engine.util.ValueReplacer: About to replace in property of type: class org.apache.jmeter.testelement.property.StringProperty: View Results Tree 
2017/02/20 07:43:22 DEBUG - jmeter.engine.util.ValueReplacer: Replacement result: View Results Tree 
2017/02/20 07:43:22 DEBUG - jmeter.engine.util.ValueReplacer: About to replace in property of type: class org.apache.jmeter.testelement.property.BooleanProperty: true 
2017/02/20 07:43:22 DEBUG - jmeter.engine.util.ValueReplacer: Won't replace true 
2017/02/20 07:43:22 DEBUG - jmeter.engine.util.ValueReplacer: About to replace in property of type: class org.apache.jmeter.testelement.property.StringProperty: D:\GitHub\JMeter-driver\logs\client\results.csv 
2017/02/20 07:43:22 DEBUG - jmeter.engine.util.ValueReplacer: Replacement result: D:\GitHub\JMeter-driver\logs\client\results.csv 
2017/02/20 07:43:22 DEBUG - jmeter.engine.util.ValueReplacer: About to replace in property of type: class org.apache.jmeter.testelement.property.BooleanProperty: false 
2017/02/20 07:43:22 DEBUG - jmeter.engine.util.ValueReplacer: Won't replace false 
2017/02/20 07:43:22 DEBUG - jmeter.engine.util.ValueReplacer: About to replace in property of type: class org.apache.jmeter.testelement.property.ObjectProperty: org.apache.jmeter.samplers.SampleSaveConfiguration@733de5f0 
2017/02/20 07:43:22 DEBUG - jmeter.engine.util.ValueReplacer: Won't replace org.apache.jmeter.samplers.SampleSaveConfiguration@733de5f0 
2017/02/20 07:43:22 DEBUG - jmeter.engine.util.ValueReplacer: About to replace in property of type: class org.apache.jmeter.testelement.property.StringProperty: org.apache.jmeter.visualizers.SummaryReport 
2017/02/20 07:43:22 DEBUG - jmeter.engine.util.ValueReplacer: About to replace in property of type: class org.apache.jmeter.testelement.property.StringProperty: org.apache.jmeter.reporters.ResultCollector 
2017/02/20 07:43:22 DEBUG - jmeter.engine.util.ValueReplacer: About to replace in property of type: class org.apache.jmeter.testelement.property.StringProperty: Summary Report 
2017/02/20 07:43:22 DEBUG - jmeter.engine.util.ValueReplacer: Replacement result: Summary Report 
2017/02/20 07:43:22 DEBUG - jmeter.engine.util.ValueReplacer: About to replace in property of type: class org.apache.jmeter.testelement.property.BooleanProperty: true 
2017/02/20 07:43:22 DEBUG - jmeter.engine.util.ValueReplacer: Won't replace true 
2017/02/20 07:43:22 DEBUG - jmeter.engine.util.ValueReplacer: About to replace in property of type: class org.apache.jmeter.testelement.property.StringProperty:  
2017/02/20 07:43:22 DEBUG - jmeter.engine.util.ValueReplacer: Replacement result:  
2017/02/20 07:43:22 DEBUG - jmeter.engine.util.ValueReplacer: About to replace in property of type: class org.apache.jmeter.testelement.property.BooleanProperty: false 
2017/02/20 07:43:22 DEBUG - jmeter.engine.util.ValueReplacer: Won't replace false 
2017/02/20 07:43:22 DEBUG - jmeter.engine.util.ValueReplacer: About to replace in property of type: class org.apache.jmeter.testelement.property.ObjectProperty: org.apache.jmeter.samplers.SampleSaveConfiguration@733de5f0 
2017/02/20 07:43:22 DEBUG - jmeter.engine.util.ValueReplacer: Won't replace org.apache.jmeter.samplers.SampleSaveConfiguration@733de5f0 
2017/02/20 07:43:22 DEBUG - jmeter.engine.util.ValueReplacer: About to replace in property of type: class org.apache.jmeter.testelement.property.StringProperty: /logs/results.csv 
2017/02/20 07:43:22 DEBUG - jmeter.engine.util.ValueReplacer: Replacement result: /logs/results.csv 
2017/02/20 07:43:22 DEBUG - jmeter.engine.ConvertListeners: num threads = 1 
2017/02/20 07:43:22 INFO  - jmeter.samplers.SampleEvent: List of sample_variables: [] 
2017/02/20 07:43:22 INFO  - jmeter.samplers.BatchSampleSender: Using batching (client settings) for this run. Thresholds: num=100, time=60000 
2017/02/20 07:43:22 INFO  - jmeter.samplers.DataStrippingSampleSender: Using DataStrippingSampleSender for this run 
2017/02/20 07:43:22 INFO  - jmeter.samplers.BatchSampleSender: Using batching (client settings) for this run. Thresholds: num=100, time=60000 
2017/02/20 07:43:22 INFO  - jmeter.samplers.DataStrippingSampleSender: Using DataStrippingSampleSender for this run 
2017/02/20 07:43:22 INFO  - jmeter.samplers.BatchSampleSender: Using batching (client settings) for this run. Thresholds: num=100, time=60000 
2017/02/20 07:43:22 INFO  - jmeter.samplers.DataStrippingSampleSender: Using DataStrippingSampleSender for this run 
2017/02/20 07:43:22 INFO  - jmeter.samplers.BatchSampleSender: Using batching (client settings) for this run. Thresholds: num=100, time=60000 
2017/02/20 07:43:22 INFO  - jmeter.samplers.DataStrippingSampleSender: Using DataStrippingSampleSender for this run 
2017/02/20 07:43:22 INFO  - jmeter.engine.ClientJMeterEngine: sent test to 172.17.0.4 basedir='scripts' 
2017/02/20 07:43:22 INFO  - jmeter.engine.ClientJMeterEngine: Sending properties {} 
2017/02/20 07:43:22 INFO  - jmeter.engine.ClientJMeterEngine: sent run command to 172.17.0.4 
2017/02/20 07:43:22 INFO  - jmeter.engine.ClientJMeterEngine: running clientengine run method 
2017/02/20 07:43:22 DEBUG - jmeter.engine.util.ValueReplacer: About to replace in property of type: class org.apache.jmeter.testelement.property.BooleanProperty: false 
2017/02/20 07:43:22 DEBUG - jmeter.engine.util.ValueReplacer: Won't replace false 
2017/02/20 07:43:22 DEBUG - jmeter.engine.util.ValueReplacer: About to replace in property of type: class org.apache.jmeter.testelement.property.ObjectProperty: org.apache.jmeter.samplers.SampleSaveConfiguration@733de5f0 
2017/02/20 07:43:22 DEBUG - jmeter.engine.util.ValueReplacer: Won't replace org.apache.jmeter.samplers.SampleSaveConfiguration@733de5f0 
2017/02/20 07:43:22 DEBUG - jmeter.engine.util.ValueReplacer: About to replace in property of type: class org.apache.jmeter.testelement.property.StringProperty: org.apache.jmeter.visualizers.ViewResultsFullVisualizer 
2017/02/20 07:43:22 DEBUG - jmeter.engine.util.ValueReplacer: About to replace in property of type: class org.apache.jmeter.testelement.property.StringProperty: org.apache.jmeter.reporters.ResultCollector 
2017/02/20 07:43:22 DEBUG - jmeter.engine.util.ValueReplacer: About to replace in property of type: class org.apache.jmeter.testelement.property.StringProperty: View Results Tree 
2017/02/20 07:43:22 DEBUG - jmeter.engine.util.ValueReplacer: Replacement result: View Results Tree 
2017/02/20 07:43:22 DEBUG - jmeter.engine.util.ValueReplacer: About to replace in property of type: class org.apache.jmeter.testelement.property.BooleanProperty: true 
2017/02/20 07:43:22 DEBUG - jmeter.engine.util.ValueReplacer: Won't replace true 
2017/02/20 07:43:22 DEBUG - jmeter.engine.util.ValueReplacer: About to replace in property of type: class org.apache.jmeter.testelement.property.StringProperty: D:\GitHub\JMeter-driver\logs\client\results.csv 
2017/02/20 07:43:22 DEBUG - jmeter.engine.util.ValueReplacer: Replacement result: D:\GitHub\JMeter-driver\logs\client\results.csv 
2017/02/20 07:43:22 DEBUG - jmeter.engine.util.ValueReplacer: About to replace in property of type: class org.apache.jmeter.testelement.property.BooleanProperty: false 
2017/02/20 07:43:22 DEBUG - jmeter.engine.util.ValueReplacer: Won't replace false 
2017/02/20 07:43:22 DEBUG - jmeter.engine.util.ValueReplacer: About to replace in property of type: class org.apache.jmeter.testelement.property.ObjectProperty: org.apache.jmeter.samplers.SampleSaveConfiguration@733de5f0 
2017/02/20 07:43:22 DEBUG - jmeter.engine.util.ValueReplacer: Won't replace org.apache.jmeter.samplers.SampleSaveConfiguration@733de5f0 
2017/02/20 07:43:22 DEBUG - jmeter.engine.util.ValueReplacer: About to replace in property of type: class org.apache.jmeter.testelement.property.StringProperty: org.apache.jmeter.visualizers.SummaryReport 
2017/02/20 07:43:22 DEBUG - jmeter.engine.util.ValueReplacer: About to replace in property of type: class org.apache.jmeter.testelement.property.StringProperty: org.apache.jmeter.reporters.ResultCollector 
2017/02/20 07:43:22 DEBUG - jmeter.engine.util.ValueReplacer: About to replace in property of type: class org.apache.jmeter.testelement.property.StringProperty: Summary Report 
2017/02/20 07:43:22 DEBUG - jmeter.engine.util.ValueReplacer: Replacement result: Summary Report 
2017/02/20 07:43:22 DEBUG - jmeter.engine.util.ValueReplacer: About to replace in property of type: class org.apache.jmeter.testelement.property.BooleanProperty: true 
2017/02/20 07:43:22 DEBUG - jmeter.engine.util.ValueReplacer: Won't replace true 
2017/02/20 07:43:22 DEBUG - jmeter.engine.util.ValueReplacer: About to replace in property of type: class org.apache.jmeter.testelement.property.StringProperty:  
2017/02/20 07:43:22 DEBUG - jmeter.engine.util.ValueReplacer: Replacement result:  
2017/02/20 07:43:22 DEBUG - jmeter.engine.util.ValueReplacer: About to replace in property of type: class org.apache.jmeter.testelement.property.BooleanProperty: false 
2017/02/20 07:43:22 DEBUG - jmeter.engine.util.ValueReplacer: Won't replace false 
2017/02/20 07:43:22 DEBUG - jmeter.engine.util.ValueReplacer: About to replace in property of type: class org.apache.jmeter.testelement.property.ObjectProperty: org.apache.jmeter.samplers.SampleSaveConfiguration@733de5f0 
2017/02/20 07:43:22 DEBUG - jmeter.engine.util.ValueReplacer: Won't replace org.apache.jmeter.samplers.SampleSaveConfiguration@733de5f0 
2017/02/20 07:43:22 DEBUG - jmeter.engine.util.ValueReplacer: About to replace in property of type: class org.apache.jmeter.testelement.property.StringProperty: /logs/results.csv 
2017/02/20 07:43:22 DEBUG - jmeter.engine.util.ValueReplacer: Replacement result: /logs/results.csv 
2017/02/20 07:43:22 DEBUG - jmeter.engine.ConvertListeners: num threads = 1 
2017/02/20 07:43:22 INFO  - jmeter.samplers.BatchSampleSender: Using batching (client settings) for this run. Thresholds: num=100, time=60000 
2017/02/20 07:43:22 INFO  - jmeter.samplers.DataStrippingSampleSender: Using DataStrippingSampleSender for this run 
2017/02/20 07:43:22 INFO  - jmeter.samplers.BatchSampleSender: Using batching (client settings) for this run. Thresholds: num=100, time=60000 
2017/02/20 07:43:22 INFO  - jmeter.samplers.DataStrippingSampleSender: Using DataStrippingSampleSender for this run 
2017/02/20 07:43:22 INFO  - jmeter.samplers.BatchSampleSender: Using batching (client settings) for this run. Thresholds: num=100, time=60000 
2017/02/20 07:43:22 INFO  - jmeter.samplers.DataStrippingSampleSender: Using DataStrippingSampleSender for this run 
2017/02/20 07:43:22 INFO  - jmeter.samplers.BatchSampleSender: Using batching (client settings) for this run. Thresholds: num=100, time=60000 
2017/02/20 07:43:22 INFO  - jmeter.samplers.DataStrippingSampleSender: Using DataStrippingSampleSender for this run 
2017/02/20 07:43:22 INFO  - jmeter.engine.ClientJMeterEngine: sent test to 172.17.0.5 basedir='scripts' 
2017/02/20 07:43:22 INFO  - jmeter.engine.ClientJMeterEngine: Sending properties {} 
2017/02/20 07:43:22 INFO  - jmeter.engine.ClientJMeterEngine: sent run command to 172.17.0.5 
2017/02/20 07:43:22 INFO  - jmeter.engine.ClientJMeterEngine: running clientengine run method 
2017/02/20 07:43:22 DEBUG - jmeter.engine.util.ValueReplacer: About to replace in property of type: class org.apache.jmeter.testelement.property.BooleanProperty: false 
2017/02/20 07:43:22 DEBUG - jmeter.engine.util.ValueReplacer: Won't replace false 
2017/02/20 07:43:22 DEBUG - jmeter.engine.util.ValueReplacer: About to replace in property of type: class org.apache.jmeter.testelement.property.ObjectProperty: org.apache.jmeter.samplers.SampleSaveConfiguration@733de5f0 
2017/02/20 07:43:22 DEBUG - jmeter.engine.util.ValueReplacer: Won't replace org.apache.jmeter.samplers.SampleSaveConfiguration@733de5f0 
2017/02/20 07:43:22 DEBUG - jmeter.engine.util.ValueReplacer: About to replace in property of type: class org.apache.jmeter.testelement.property.StringProperty: org.apache.jmeter.visualizers.ViewResultsFullVisualizer 
2017/02/20 07:43:22 DEBUG - jmeter.engine.util.ValueReplacer: About to replace in property of type: class org.apache.jmeter.testelement.property.StringProperty: org.apache.jmeter.reporters.ResultCollector 
2017/02/20 07:43:22 DEBUG - jmeter.engine.util.ValueReplacer: About to replace in property of type: class org.apache.jmeter.testelement.property.StringProperty: View Results Tree 
2017/02/20 07:43:22 DEBUG - jmeter.engine.util.ValueReplacer: Replacement result: View Results Tree 
2017/02/20 07:43:22 DEBUG - jmeter.engine.util.ValueReplacer: About to replace in property of type: class org.apache.jmeter.testelement.property.BooleanProperty: true 
2017/02/20 07:43:22 DEBUG - jmeter.engine.util.ValueReplacer: Won't replace true 
2017/02/20 07:43:22 DEBUG - jmeter.engine.util.ValueReplacer: About to replace in property of type: class org.apache.jmeter.testelement.property.StringProperty: D:\GitHub\JMeter-driver\logs\client\results.csv 
2017/02/20 07:43:22 DEBUG - jmeter.engine.util.ValueReplacer: Replacement result: D:\GitHub\JMeter-driver\logs\client\results.csv 
2017/02/20 07:43:22 DEBUG - jmeter.engine.util.ValueReplacer: About to replace in property of type: class org.apache.jmeter.testelement.property.BooleanProperty: false 
2017/02/20 07:43:22 DEBUG - jmeter.engine.util.ValueReplacer: Won't replace false 
2017/02/20 07:43:22 DEBUG - jmeter.engine.util.ValueReplacer: About to replace in property of type: class org.apache.jmeter.testelement.property.ObjectProperty: org.apache.jmeter.samplers.SampleSaveConfiguration@733de5f0 
2017/02/20 07:43:22 DEBUG - jmeter.engine.util.ValueReplacer: Won't replace org.apache.jmeter.samplers.SampleSaveConfiguration@733de5f0 
2017/02/20 07:43:22 DEBUG - jmeter.engine.util.ValueReplacer: About to replace in property of type: class org.apache.jmeter.testelement.property.StringProperty: org.apache.jmeter.visualizers.SummaryReport 
2017/02/20 07:43:22 DEBUG - jmeter.engine.util.ValueReplacer: About to replace in property of type: class org.apache.jmeter.testelement.property.StringProperty: org.apache.jmeter.reporters.ResultCollector 
2017/02/20 07:43:22 DEBUG - jmeter.engine.util.ValueReplacer: About to replace in property of type: class org.apache.jmeter.testelement.property.StringProperty: Summary Report 
2017/02/20 07:43:22 DEBUG - jmeter.engine.util.ValueReplacer: Replacement result: Summary Report 
2017/02/20 07:43:22 DEBUG - jmeter.engine.util.ValueReplacer: About to replace in property of type: class org.apache.jmeter.testelement.property.BooleanProperty: true 
2017/02/20 07:43:22 DEBUG - jmeter.engine.util.ValueReplacer: Won't replace true 
2017/02/20 07:43:22 DEBUG - jmeter.engine.util.ValueReplacer: About to replace in property of type: class org.apache.jmeter.testelement.property.StringProperty:  
2017/02/20 07:43:22 DEBUG - jmeter.engine.util.ValueReplacer: Replacement result:  
2017/02/20 07:43:22 DEBUG - jmeter.engine.util.ValueReplacer: About to replace in property of type: class org.apache.jmeter.testelement.property.BooleanProperty: false 
2017/02/20 07:43:22 DEBUG - jmeter.engine.util.ValueReplacer: Won't replace false 
2017/02/20 07:43:22 DEBUG - jmeter.engine.util.ValueReplacer: About to replace in property of type: class org.apache.jmeter.testelement.property.ObjectProperty: org.apache.jmeter.samplers.SampleSaveConfiguration@733de5f0 
2017/02/20 07:43:22 DEBUG - jmeter.engine.util.ValueReplacer: Won't replace org.apache.jmeter.samplers.SampleSaveConfiguration@733de5f0 
2017/02/20 07:43:22 DEBUG - jmeter.engine.util.ValueReplacer: About to replace in property of type: class org.apache.jmeter.testelement.property.StringProperty: /logs/results.csv 
2017/02/20 07:43:22 DEBUG - jmeter.engine.util.ValueReplacer: Replacement result: /logs/results.csv 
2017/02/20 07:43:22 DEBUG - jmeter.engine.ConvertListeners: num threads = 1 
2017/02/20 07:43:22 INFO  - jmeter.samplers.BatchSampleSender: Using batching (client settings) for this run. Thresholds: num=100, time=60000 
2017/02/20 07:43:22 INFO  - jmeter.samplers.DataStrippingSampleSender: Using DataStrippingSampleSender for this run 
2017/02/20 07:43:22 INFO  - jmeter.samplers.BatchSampleSender: Using batching (client settings) for this run. Thresholds: num=100, time=60000 
2017/02/20 07:43:22 INFO  - jmeter.samplers.DataStrippingSampleSender: Using DataStrippingSampleSender for this run 
2017/02/20 07:43:22 INFO  - jmeter.samplers.BatchSampleSender: Using batching (client settings) for this run. Thresholds: num=100, time=60000 
2017/02/20 07:43:22 INFO  - jmeter.samplers.DataStrippingSampleSender: Using DataStrippingSampleSender for this run 
2017/02/20 07:43:22 INFO  - jmeter.samplers.BatchSampleSender: Using batching (client settings) for this run. Thresholds: num=100, time=60000 
2017/02/20 07:43:22 INFO  - jmeter.samplers.DataStrippingSampleSender: Using DataStrippingSampleSender for this run 
2017/02/20 07:43:22 DEBUG - jmeter.reporters.ResultCollector: Opened file: D:\GitHub\JMeter-driver\logs\client\results.csv 
2017/02/20 07:43:22 DEBUG - jmeter.visualizers.backend.BackendListener: RMI TCP Connection(1)-172.17.0.4@5e82df6a-Backend Listener	testStarted(172.17.0.4) 
2017/02/20 07:43:22 INFO  - jmeter.visualizers.backend.BackendListener: Backend Listener:Starting worker with class:class org.apache.jmeter.visualizers.backend.graphite.GraphiteBackendListenerClient and queue capacity:5000 
2017/02/20 07:43:22 INFO  - jmeter.visualizers.backend.BackendListener: Backend Listener: Started  worker with class:class org.apache.jmeter.visualizers.backend.graphite.GraphiteBackendListenerClient 
2017/02/20 07:43:22 DEBUG - jmeter.visualizers.backend.BackendListener: Thread:Thread-3 taking SampleResult from queue:0 
2017/02/20 07:43:23 INFO  - jmeter.visualizers.backend.graphite.TextGraphiteMetricsSender: Created TextGraphiteMetricsSender with host:172.17.0.1, port:32771, prefix:jmeter. 
2017/02/20 07:43:23 DEBUG - jmeter.reporters.ResultCollector: Opened file: /logs/results.csv 
2017/02/20 07:43:23 INFO  - jmeter.JMeter: Started remote host:  172.17.0.4 (1487576603142) 
2017/02/20 07:43:23 DEBUG - jmeter.visualizers.backend.BackendListener: RMI TCP Connection(2)-172.17.0.5@3c130745-Backend Listener	testStarted(172.17.0.5) 
2017/02/20 07:43:23 INFO  - jmeter.JMeter: Started remote host:  172.17.0.5 (1487576603319) 
2017/02/20 07:43:23 INFO  - jmeter.engine.ClientJMeterEngine: sent test to 172.17.0.3 basedir='scripts' 
2017/02/20 07:43:23 INFO  - jmeter.engine.ClientJMeterEngine: Sending properties {} 
2017/02/20 07:43:23 INFO  - jmeter.engine.ClientJMeterEngine: sent run command to 172.17.0.3 
2017/02/20 07:43:23 INFO  - jmeter.engine.DistributedRunner: Remote engines have been started 
2017/02/20 07:43:23 DEBUG - jmeter.visualizers.backend.BackendListener: RMI TCP Connection(3)-172.17.0.3@50eac852-Backend Listener	testStarted(172.17.0.3) 
2017/02/20 07:43:23 INFO  - jmeter.JMeter: Started remote host:  172.17.0.3 (1487576603616) 
2017/02/20 07:43:25 DEBUG - jmeter.visualizers.backend.BackendListener: Thread:Thread-3 took SampleResult:Auth_Routers_authorize, isFinal:false 
2017/02/20 07:43:25 DEBUG - jmeter.visualizers.backend.BackendListener: Thread:Thread-3 polling from queue:0 
2017/02/20 07:43:25 DEBUG - jmeter.visualizers.backend.BackendListener: Thread:Thread-3 took from queue:null, isFinal:false 
2017/02/20 07:43:25 DEBUG - jmeter.visualizers.backend.BackendListener: Thread:Thread-3 exiting with FINAL EVENT:false, null:true 
2017/02/20 07:43:25 DEBUG - jmeter.visualizers.backend.BackendListener: Thread:Thread-3 taking SampleResult from queue:0 
2017/02/20 07:43:25 DEBUG - jmeter.visualizers.backend.BackendListener: Thread:Thread-3 took SampleResult:Auth_Routers_authorize, isFinal:false 
2017/02/20 07:43:25 DEBUG - jmeter.visualizers.backend.BackendListener: Thread:Thread-3 polling from queue:0 
2017/02/20 07:43:25 DEBUG - jmeter.visualizers.backend.BackendListener: Thread:Thread-3 took from queue:null, isFinal:false 
2017/02/20 07:43:25 DEBUG - jmeter.visualizers.backend.BackendListener: Thread:Thread-3 exiting with FINAL EVENT:false, null:true 
2017/02/20 07:43:25 DEBUG - jmeter.visualizers.backend.BackendListener: Thread:Thread-3 taking SampleResult from queue:0 
2017/02/20 07:43:25 DEBUG - jmeter.visualizers.backend.BackendListener: Thread:Thread-3 took SampleResult:Auth_Routers_authorize, isFinal:false 
2017/02/20 07:43:25 DEBUG - jmeter.visualizers.backend.BackendListener: Thread:Thread-3 polling from queue:0 
2017/02/20 07:43:25 DEBUG - jmeter.visualizers.backend.BackendListener: Thread:Thread-3 took from queue:null, isFinal:false 
2017/02/20 07:43:25 DEBUG - jmeter.visualizers.backend.BackendListener: Thread:Thread-3 exiting with FINAL EVENT:false, null:true 
2017/02/20 07:43:25 DEBUG - jmeter.visualizers.backend.BackendListener: Thread:Thread-3 taking SampleResult from queue:0 
2017/02/20 07:43:25 ERROR - jmeter.visualizers.backend.graphite.TextGraphiteMetricsSender: Error writing to Graphite:connect timed out 
2017/02/20 07:43:26 ERROR - jmeter.visualizers.backend.graphite.TextGraphiteMetricsSender: Error writing to Graphite:connect timed out 
2017/02/20 07:43:27 DEBUG - jmeter.visualizers.backend.BackendListener: Thread:Thread-3 took SampleResult:Auth_Routers_signup, isFinal:false 
2017/02/20 07:43:27 DEBUG - jmeter.visualizers.backend.BackendListener: Thread:Thread-3 polling from queue:0 
2017/02/20 07:43:27 DEBUG - jmeter.visualizers.backend.BackendListener: Thread:Thread-3 took from queue:null, isFinal:false 
2017/02/20 07:43:27 DEBUG - jmeter.visualizers.backend.BackendListener: Thread:Thread-3 exiting with FINAL EVENT:false, null:true 
2017/02/20 07:43:27 DEBUG - jmeter.visualizers.backend.BackendListener: Thread:Thread-3 taking SampleResult from queue:7 
2017/02/20 07:43:27 DEBUG - jmeter.visualizers.backend.BackendListener: Thread:Thread-3 took SampleResult:Auth_Routers_verifySignup, isFinal:false 
2017/02/20 07:43:27 DEBUG - jmeter.visualizers.backend.BackendListener: Thread:Thread-3 polling from queue:6 
2017/02/20 07:43:27 DEBUG - jmeter.visualizers.backend.BackendListener: Thread:Thread-3 took from queue:Auth_Routers_credentials, isFinal:false 
2017/02/20 07:43:27 DEBUG - jmeter.visualizers.backend.BackendListener: Thread:Thread-3 polling from queue:5 
2017/02/20 07:43:27 DEBUG - jmeter.visualizers.backend.BackendListener: Thread:Thread-3 took from queue:Auth_Routers_login, isFinal:false 
2017/02/20 07:43:27 DEBUG - jmeter.visualizers.backend.BackendListener: Thread:Thread-3 polling from queue:4 
2017/02/20 07:43:27 DEBUG - jmeter.visualizers.backend.BackendListener: Thread:Thread-3 took from queue:Auth_Routers_authtokenverification, isFinal:false 
2017/02/20 07:43:27 DEBUG - jmeter.visualizers.backend.BackendListener: Thread:Thread-3 polling from queue:3 
2017/02/20 07:43:27 DEBUG - jmeter.visualizers.backend.BackendListener: Thread:Thread-3 took from queue:Auth_Routers_logout_POST, isFinal:false 
2017/02/20 07:43:27 DEBUG - jmeter.visualizers.backend.BackendListener: Thread:Thread-3 polling from queue:2 
2017/02/20 07:43:27 DEBUG - jmeter.visualizers.backend.BackendListener: Thread:Thread-3 took from queue:Auth_Routers_mylogout, isFinal:false 
2017/02/20 07:43:27 DEBUG - jmeter.visualizers.backend.BackendListener: Thread:Thread-3 polling from queue:1 
2017/02/20 07:43:27 DEBUG - jmeter.visualizers.backend.BackendListener: Thread:Thread-3 took from queue:Auth_Routers_orcid, isFinal:false 
2017/02/20 07:43:27 DEBUG - jmeter.visualizers.backend.BackendListener: Thread:Thread-3 polling from queue:0 
2017/02/20 07:43:27 DEBUG - jmeter.visualizers.backend.BackendListener: Thread:Thread-3 took from queue:null, isFinal:false 
2017/02/20 07:43:27 DEBUG - jmeter.visualizers.backend.BackendListener: Thread:Thread-3 exiting with FINAL EVENT:false, null:true 
2017/02/20 07:43:27 DEBUG - jmeter.visualizers.backend.BackendListener: Thread:Thread-3 taking SampleResult from queue:3 
2017/02/20 07:43:27 DEBUG - jmeter.visualizers.backend.BackendListener: Thread:Thread-3 took SampleResult:Auth_Routers_forgotpassword_get, isFinal:false 
2017/02/20 07:43:27 DEBUG - jmeter.visualizers.backend.BackendListener: Thread:Thread-3 polling from queue:2 
2017/02/20 07:43:27 DEBUG - jmeter.visualizers.backend.BackendListener: Thread:Thread-3 took from queue:Auth_Routers_forgotpassword_post, isFinal:false 
2017/02/20 07:43:27 DEBUG - jmeter.visualizers.backend.BackendListener: Thread:Thread-3 polling from queue:1 
2017/02/20 07:43:27 DEBUG - jmeter.visualizers.backend.BackendListener: Thread:Thread-3 took from queue:Auth_Routers_forgotpassword_put, isFinal:false 
2017/02/20 07:43:27 DEBUG - jmeter.visualizers.backend.BackendListener: Thread:Thread-3 polling from queue:0 
2017/02/20 07:43:27 DEBUG - jmeter.visualizers.backend.BackendListener: Thread:Thread-3 took from queue:null, isFinal:false 
2017/02/20 07:43:27 DEBUG - jmeter.visualizers.backend.BackendListener: Thread:Thread-3 exiting with FINAL EVENT:false, null:true 
2017/02/20 07:43:27 DEBUG - jmeter.visualizers.backend.BackendListener: Thread:Thread-3 taking SampleResult from queue:0 
2017/02/20 07:43:27 DEBUG - jmeter.visualizers.backend.BackendListener: testEnded called on instance Backend Listener#3 
2017/02/20 07:43:27 INFO  - jmeter.JMeter: Finished remote host: 172.17.0.4 (1487576607119) 
2017/02/20 07:43:27 ERROR - jmeter.visualizers.backend.graphite.TextGraphiteMetricsSender: Error writing to Graphite:connect timed out 
2017/02/20 07:43:27 DEBUG - jmeter.visualizers.backend.BackendListener: Thread:Thread-3 took SampleResult:Auth_Routers_signup, isFinal:false 
2017/02/20 07:43:27 DEBUG - jmeter.visualizers.backend.BackendListener: Thread:Thread-3 polling from queue:10 
2017/02/20 07:43:27 DEBUG - jmeter.visualizers.backend.BackendListener: Thread:Thread-3 took from queue:Auth_Routers_verifySignup, isFinal:false 
2017/02/20 07:43:27 DEBUG - jmeter.visualizers.backend.BackendListener: Thread:Thread-3 polling from queue:9 
2017/02/20 07:43:27 DEBUG - jmeter.visualizers.backend.BackendListener: Thread:Thread-3 took from queue:Auth_Routers_credentials, isFinal:false 
2017/02/20 07:43:27 DEBUG - jmeter.visualizers.backend.BackendListener: testEnded called on instance Backend Listener#2 
2017/02/20 07:43:27 DEBUG - jmeter.visualizers.backend.BackendListener: Thread:Thread-3 polling from queue:8 
2017/02/20 07:43:27 DEBUG - jmeter.visualizers.backend.BackendListener: Thread:Thread-3 took from queue:Auth_Routers_login, isFinal:false 
2017/02/20 07:43:27 DEBUG - jmeter.visualizers.backend.BackendListener: Thread:Thread-3 polling from queue:7 
2017/02/20 07:43:27 DEBUG - jmeter.visualizers.backend.BackendListener: Thread:Thread-3 took from queue:Auth_Routers_authtokenverification, isFinal:false 
2017/02/20 07:43:27 DEBUG - jmeter.visualizers.backend.BackendListener: Thread:Thread-3 polling from queue:6 
2017/02/20 07:43:27 DEBUG - jmeter.visualizers.backend.BackendListener: Thread:Thread-3 took from queue:Auth_Routers_logout_POST, isFinal:false 
2017/02/20 07:43:27 DEBUG - jmeter.visualizers.backend.BackendListener: Thread:Thread-3 polling from queue:5 
2017/02/20 07:43:27 DEBUG - jmeter.visualizers.backend.BackendListener: Thread:Thread-3 took from queue:Auth_Routers_mylogout, isFinal:false 
2017/02/20 07:43:27 DEBUG - jmeter.visualizers.backend.BackendListener: Thread:Thread-3 polling from queue:4 
2017/02/20 07:43:27 DEBUG - jmeter.visualizers.backend.BackendListener: Thread:Thread-3 took from queue:Auth_Routers_orcid, isFinal:false 
2017/02/20 07:43:27 DEBUG - jmeter.visualizers.backend.BackendListener: Thread:Thread-3 polling from queue:3 
2017/02/20 07:43:27 DEBUG - jmeter.visualizers.backend.BackendListener: Thread:Thread-3 took from queue:Auth_Routers_forgotpassword_get, isFinal:false 
2017/02/20 07:43:27 DEBUG - jmeter.visualizers.backend.BackendListener: Thread:Thread-3 polling from queue:2 
2017/02/20 07:43:27 DEBUG - jmeter.visualizers.backend.BackendListener: Thread:Thread-3 took from queue:Auth_Routers_forgotpassword_post, isFinal:false 
2017/02/20 07:43:27 DEBUG - jmeter.visualizers.backend.BackendListener: Thread:Thread-3 polling from queue:1 
2017/02/20 07:43:27 DEBUG - jmeter.visualizers.backend.BackendListener: Thread:Thread-3 took from queue:Auth_Routers_forgotpassword_put, isFinal:false 
2017/02/20 07:43:27 DEBUG - jmeter.visualizers.backend.BackendListener: Thread:Thread-3 polling from queue:0 
2017/02/20 07:43:27 DEBUG - jmeter.visualizers.backend.BackendListener: Thread:Thread-3 took from queue:null, isFinal:false 
2017/02/20 07:43:27 DEBUG - jmeter.visualizers.backend.BackendListener: Thread:Thread-3 exiting with FINAL EVENT:false, null:true 
2017/02/20 07:43:27 DEBUG - jmeter.visualizers.backend.BackendListener: Thread:Thread-3 taking SampleResult from queue:0 
2017/02/20 07:43:27 INFO  - jmeter.JMeter: Finished remote host: 172.17.0.3 (1487576607785) 
2017/02/20 07:43:27 DEBUG - jmeter.visualizers.backend.BackendListener: Thread:Thread-3 took SampleResult:Auth_Routers_signup, isFinal:false 
2017/02/20 07:43:27 DEBUG - jmeter.visualizers.backend.BackendListener: Thread:Thread-3 polling from queue:10 
2017/02/20 07:43:27 DEBUG - jmeter.visualizers.backend.BackendListener: Thread:Thread-3 took from queue:Auth_Routers_verifySignup, isFinal:false 
2017/02/20 07:43:27 DEBUG - jmeter.visualizers.backend.BackendListener: Thread:Thread-3 polling from queue:9 
2017/02/20 07:43:27 DEBUG - jmeter.visualizers.backend.BackendListener: Thread:Thread-3 took from queue:Auth_Routers_credentials, isFinal:false 
2017/02/20 07:43:27 DEBUG - jmeter.visualizers.backend.BackendListener: Thread:Thread-3 polling from queue:8 
2017/02/20 07:43:27 DEBUG - jmeter.visualizers.backend.BackendListener: Thread:Thread-3 took from queue:Auth_Routers_login, isFinal:false 
2017/02/20 07:43:27 DEBUG - jmeter.visualizers.backend.BackendListener: Thread:Thread-3 polling from queue:7 
2017/02/20 07:43:27 DEBUG - jmeter.visualizers.backend.BackendListener: Thread:Thread-3 took from queue:Auth_Routers_authtokenverification, isFinal:false 
2017/02/20 07:43:27 DEBUG - jmeter.visualizers.backend.BackendListener: Thread:Thread-3 polling from queue:6 
2017/02/20 07:43:27 DEBUG - jmeter.visualizers.backend.BackendListener: testEnded called on instance Backend Listener#1 
2017/02/20 07:43:27 DEBUG - jmeter.visualizers.backend.BackendListener: Thread:Thread-3 took from queue:Auth_Routers_logout_POST, isFinal:false 
2017/02/20 07:43:27 DEBUG - jmeter.visualizers.backend.BackendListener: Thread:Thread-3 polling from queue:5 
2017/02/20 07:43:27 DEBUG - jmeter.visualizers.backend.BackendListener: Thread:Thread-3 took from queue:Auth_Routers_mylogout, isFinal:false 
2017/02/20 07:43:27 DEBUG - jmeter.visualizers.backend.BackendListener: Thread:Thread-3 polling from queue:4 
2017/02/20 07:43:27 DEBUG - jmeter.visualizers.backend.BackendListener: Thread:Thread-3 took from queue:Auth_Routers_orcid, isFinal:false 
2017/02/20 07:43:27 DEBUG - jmeter.visualizers.backend.BackendListener: Thread:Thread-3 polling from queue:3 
2017/02/20 07:43:27 DEBUG - jmeter.visualizers.backend.BackendListener: Thread:Thread-3 took from queue:Auth_Routers_forgotpassword_get, isFinal:false 
2017/02/20 07:43:27 DEBUG - jmeter.visualizers.backend.BackendListener: Thread:Thread-3 polling from queue:2 
2017/02/20 07:43:27 DEBUG - jmeter.visualizers.backend.BackendListener: Thread:Thread-3 took from queue:Auth_Routers_forgotpassword_post, isFinal:false 
2017/02/20 07:43:27 DEBUG - jmeter.visualizers.backend.BackendListener: Thread:Thread-3 polling from queue:1 
2017/02/20 07:43:27 DEBUG - jmeter.visualizers.backend.BackendListener: Thread:Thread-3 took from queue:Auth_Routers_forgotpassword_put, isFinal:false 
2017/02/20 07:43:27 DEBUG - jmeter.visualizers.backend.BackendListener: Thread:Thread-3 polling from queue:0 
2017/02/20 07:43:27 DEBUG - jmeter.visualizers.backend.BackendListener: Thread:Thread-3 took from queue:null, isFinal:false 
2017/02/20 07:43:27 DEBUG - jmeter.visualizers.backend.BackendListener: Thread:Thread-3 exiting with FINAL EVENT:false, null:true 
2017/02/20 07:43:27 DEBUG - jmeter.visualizers.backend.BackendListener: Thread:Thread-3 taking SampleResult from queue:1 
2017/02/20 07:43:27 DEBUG - jmeter.visualizers.backend.BackendListener: Thread:Thread-3 took SampleResult:, isFinal:true 
2017/02/20 07:43:27 DEBUG - jmeter.visualizers.backend.BackendListener: Thread:Thread-3 exiting with FINAL EVENT:true, null:false 
2017/02/20 07:43:27 INFO  - jmeter.visualizers.backend.BackendListener: Worker ended 
2017/02/20 07:43:27 DEBUG - jmeter.visualizers.backend.graphite.GraphiteBackendListenerClient: Canceled state:true 
2017/02/20 07:43:28 ERROR - jmeter.visualizers.backend.graphite.TextGraphiteMetricsSender: Error writing to Graphite:connect timed out 
2017/02/20 07:43:29 ERROR - jmeter.visualizers.backend.graphite.TextGraphiteMetricsSender: Error writing to Graphite:connect timed out 
2017/02/20 07:43:29 DEBUG - jmeter.visualizers.backend.AbstractBackendListenerClient: org.apache.jmeter.visualizers.backend.graphite.GraphiteBackendListenerClient: teardownTest 
2017/02/20 07:43:29 DEBUG - jmeter.reporters.ResultCollector: Closing: D:\GitHub\JMeter-driver\logs\client\results.csv 
2017/02/20 07:43:29 DEBUG - jmeter.reporters.ResultCollector: Closing: /logs/results.csv 
2017/02/20 07:43:29 INFO  - jmeter.JMeter: Finished remote host: 172.17.0.5 (1487576609167) 
2017/02/20 07:43:34 INFO  - jmeter.JMeter: Interrupting RMI Reaper 
